e:\编译原理\tiny\tiny\debug\vc141.pdb
e:\编译原理\tiny\tiny\debug\vc141.idb
e:\编译原理\tiny\tiny\debug\util.obj
e:\编译原理\tiny\tiny\debug\tiny.obj
e:\编译原理\tiny\tiny\debug\symtab.obj
e:\编译原理\tiny\tiny\debug\scan.obj
e:\编译原理\tiny\tiny\debug\parse.obj
e:\编译原理\tiny\tiny\debug\main.obj
e:\编译原理\tiny\tiny\debug\code.obj
e:\编译原理\tiny\tiny\debug\cgen.obj
e:\编译原理\tiny\tiny\debug\analyze.obj
e:\编译原理\tiny\tiny\debug\tinydlg.obj
e:\编译原理\tiny\debug\tiny.exe
e:\编译原理\tiny\debug\tiny.ilk
e:\编译原理\tiny\debug\tiny.pdb
e:\编译原理\tiny\tiny\debug\tiny.res
e:\编译原理\tiny\tiny\debug\pch.obj
e:\编译原理\tiny\tiny\debug\tinydlg.obj.enc
e:\编译原理\tiny\tiny\debug\tiny.pch
e:\编译原理\tiny\tiny\debug\tiny.tlog\cl.command.1.tlog
e:\编译原理\tiny\tiny\debug\tiny.tlog\cl.read.1.tlog
e:\编译原理\tiny\tiny\debug\tiny.tlog\cl.write.1.tlog
e:\编译原理\tiny\tiny\debug\tiny.tlog\link.command.1.tlog
e:\编译原理\tiny\tiny\debug\tiny.tlog\link.read.1.tlog
e:\编译原理\tiny\tiny\debug\tiny.tlog\link.write.1.tlog
e:\编译原理\tiny\tiny\debug\tiny.tlog\rc.command.1.tlog
e:\编译原理\tiny\tiny\debug\tiny.tlog\rc.read.1.tlog
e:\编译原理\tiny\tiny\debug\tiny.tlog\rc.write.1.tlog
